{
  "stats": {
    "suites": 3,
    "tests": 15,
    "passes": 12,
    "pending": 0,
    "failures": 3,
    "start": "2020-05-30T19:30:04.079Z",
    "end": "2020-05-30T19:30:04.079Z",
    "duration": 98707,
    "testsRegistered": 15,
    "passPercent": 80,
    "pendingPercent": 0,
    "other": 0,
    "hasOther": false,
    "skipped": 0,
    "hasSkipped": false
  },
  "results": [
    {
      "uuid": "44f47005-b7cd-4537-bb21-3a090ca3826d",
      "title": "",
      "fullFile": "cypress/integration/project.js",
      "file": "cypress/integration/project.js",
      "beforeHooks": [],
      "afterHooks": [],
      "tests": [],
      "suites": [
        {
          "uuid": "5eb8f215-4d1b-4b47-9f37-cccec4aeb1d6",
          "title": "Projects",
          "fullFile": "",
          "file": "",
          "beforeHooks": [],
          "afterHooks": [],
          "tests": [
            {
              "title": "User can create a new project",
              "fullTitle": "Projects User can create a new project",
              "timedOut": null,
              "duration": 6346,
              "state": "failed",
              "speed": "slow",
              "pass": false,
              "fail": true,
              "pending": false,
              "context": null,
              "code": "var userOne = new _newUser[\"default\"]();\nvar projectOne = new _newProject[\"default\"]();\ncy.visit('/');\ncy.registerNewUser(userOne);\ncy.login(userOne);\ncy.createProject(projectOne);\ncy.wait(2000);\ncy.url().should('not.contain', 'new');\ncy.get('[data-test=\"project-name\"]').should('have.length', 1);\ncy.get('[data-test=\"project-name\"]').should('have.text', projectOne.name);\ncy.get(_nav[\"default\"].LOGOUT).click();",
              "err": {
                "message": "CypressError: `cy.task('coverageReport')` failed with the following error:\n\n> Error: Command failed with exit code 1: /Users/charlesbrady/Desktop/cleanup/Development/Repos/Stabilyzr/node_modules/.bin/nyc report --report-dir ./coverage --temp-dir /Users/charlesbrady/Desktop/cleanup/Development/Repos/Stabilyzr/.nyc_output --reporter=lcov --reporter=clover --reporter=json\n    at makeError (/Users/charlesbrady/Desktop/cleanup/Development/Repos/Stabilyzr/node_modules/@cypress/code-coverage/node_modules/execa/lib/error.js:58:11)\n    at handlePromise (/Users/charlesbrady/Desktop/cleanup/Development/Repos/Stabilyzr/node_modules/@cypress/code-coverage/node_modules/execa/index.js:114:26)\n\nBecause this error occurred during a `after all` hook we are skipping all of the remaining tests.",
                "estack": "CypressError: `cy.task('coverageReport')` failed with the following error:\n\n> Error: Command failed with exit code 1: /Users/charlesbrady/Desktop/cleanup/Development/Repos/Stabilyzr/node_modules/.bin/nyc report --report-dir ./coverage --temp-dir /Users/charlesbrady/Desktop/cleanup/Development/Repos/Stabilyzr/.nyc_output --reporter=lcov --reporter=clover --reporter=json\n    at makeError (/Users/charlesbrady/Desktop/cleanup/Development/Repos/Stabilyzr/node_modules/@cypress/code-coverage/node_modules/execa/lib/error.js:58:11)\n    at handlePromise (/Users/charlesbrady/Desktop/cleanup/Development/Repos/Stabilyzr/node_modules/@cypress/code-coverage/node_modules/execa/index.js:114:26)\n\nBecause this error occurred during a `after all` hook we are skipping all of the remaining tests.\n    at cypressErr (http://localhost:8081/__cypress/runner/cypress_runner.js:146621:16)\n    at cypressErrByPath (http://localhost:8081/__cypress/runner/cypress_runner.js:146630:10)\n    at Object.throwErrByPath (http://localhost:8081/__cypress/runner/cypress_runner.js:146593:11)\n    at http://localhost:8081/__cypress/runner/cypress_runner.js:136354:26\n    at tryCatcher (http://localhost:8081/__cypress/runner/cypress_runner.js:9065:23)\n    at Promise._settlePromiseFromHandler (http://localhost:8081/__cypress/runner/cypress_runner.js:7000:31)\n    at Promise._settlePromise (http://localhost:8081/__cypress/runner/cypress_runner.js:7057:18)\n    at Promise._settlePromise0 (http://localhost:8081/__cypress/runner/cypress_runner.js:7102:10)\n    at Promise._settlePromises (http://localhost:8081/__cypress/runner/cypress_runner.js:7178:18)\n    at _drainQueueStep (http://localhost:8081/__cypress/runner/cypress_runner.js:3772:12)\n    at _drainQueue (http://localhost:8081/__cypress/runner/cypress_runner.js:3765:9)\n    at Async.../../node_modules/bluebird/js/release/async.js.Async._drainQueues (http://localhost:8081/__cypress/runner/cypress_runner.js:3781:5)\n    at Async.drainQueues (http://localhost:8081/__cypress/runner/cypress_runner.js:3651:14)",
                "diff": null
              },
              "uuid": "77b74c53-49c2-400d-bc95-906443c35fad",
              "parentUUID": "5eb8f215-4d1b-4b47-9f37-cccec4aeb1d6",
              "isHook": false,
              "skipped": false
            },
            {
              "title": "User can create multiple projects",
              "fullTitle": "Projects User can create multiple projects",
              "timedOut": null,
              "duration": 10854,
              "state": "passed",
              "speed": "slow",
              "pass": true,
              "fail": false,
              "pending": false,
              "context": null,
              "code": "var userTwo = new _newUser[\"default\"]();\nvar projectTwo = new _newProject[\"default\"]();\nvar projectThree = new _newProject[\"default\"]();\nvar projectFour = new _newProject[\"default\"]();\ncy.visit('/');\ncy.registerNewUser(userTwo);\ncy.login(userTwo);\ncy.createProject(projectTwo);\ncy.wait(2000);\ncy.url().should('not.contain', 'new');\ncy.createProject(projectThree);\ncy.wait(2000);\ncy.url().should('not.contain', 'new');\ncy.createProject(projectFour);\ncy.wait(2000);\ncy.url().should('not.contain', 'new');\ncy.get('[data-test=\"project-name\"]').should('have.length', 3);\ncy.get(_nav[\"default\"].LOGOUT).click();",
              "err": {},
              "uuid": "1332d54c-efd8-4949-8c9d-133cdb0172b0",
              "parentUUID": "5eb8f215-4d1b-4b47-9f37-cccec4aeb1d6",
              "isHook": false,
              "skipped": false
            },
            {
              "title": "User can view a project",
              "fullTitle": "Projects User can view a project",
              "timedOut": null,
              "duration": 6565,
              "state": "passed",
              "speed": "slow",
              "pass": true,
              "fail": false,
              "pending": false,
              "context": null,
              "code": "var userThree = new _newUser[\"default\"]();\nvar projectSix = new _newProject[\"default\"]();\ncy.visit('/');\ncy.registerNewUser(userThree);\ncy.login(userThree);\ncy.createProject(projectSix);\ncy.wait(2000);\ncy.url().should('not.contain', 'new');\ncy.get('[data-test=\"project-name\"]').should('have.length', 1);\ncy.get('[data-test=\"project-card\"]').click({\n  force: true\n});\ncy.wait(1000);\ncy.url().should('contain', '/projects/');\ncy.get(_nav[\"default\"].LOGOUT).click();",
              "err": {},
              "uuid": "f9110c81-87fb-4688-bfa5-a5ae1e64b77c",
              "parentUUID": "5eb8f215-4d1b-4b47-9f37-cccec4aeb1d6",
              "isHook": false,
              "skipped": false
            },
            {
              "title": "User can delete a project",
              "fullTitle": "Projects User can delete a project",
              "timedOut": null,
              "duration": 8364,
              "state": "passed",
              "speed": "slow",
              "pass": true,
              "fail": false,
              "pending": false,
              "context": null,
              "code": "var userThree = new _newUser[\"default\"]();\nvar projectSix = new _newProject[\"default\"]();\ncy.visit('/');\ncy.registerNewUser(userThree);\ncy.login(userThree);\ncy.createProject(projectSix);\ncy.wait(1000);\ncy.get('[data-test=\"project-card\"]').click({\n  force: true\n});\ncy.wait(1000);\ncy.url().should('contain', '/projects/');\ncy.get(_project[\"default\"].DELETE_PROJECT_BUTTON).click();\ncy.wait(1000);\ncy.url().should('contain', '/confirm');\ncy.get(_confirm[\"default\"].DELETE_BUTTON).click();\ncy.wait(1000);\ncy.url().should('contain', '/dashboard');\ncy.get('[data-test=\"project-name\"]').should('have.length', 0);\ncy.get(_nav[\"default\"].LOGOUT).click();",
              "err": {},
              "uuid": "74ac1e3b-b316-4e76-9d09-a96630d92a89",
              "parentUUID": "5eb8f215-4d1b-4b47-9f37-cccec4aeb1d6",
              "isHook": false,
              "skipped": false
            },
            {
              "title": "User can edit a project",
              "fullTitle": "Projects User can edit a project",
              "timedOut": null,
              "duration": 5270,
              "state": "passed",
              "speed": "slow",
              "pass": true,
              "fail": false,
              "pending": false,
              "context": null,
              "code": "var user = new _newUser[\"default\"]();\nvar project = new _newProject[\"default\"]();\nvar updateText = 'updated';\ncy.visit('/');\ncy.registerNewUser(user);\ncy.login(user);\ncy.createProject(project);\ncy.wait(500);\ncy.get('[data-test=\"project-card\"]').click({\n  force: true\n});\ncy.wait(500);\ncy.get(_project[\"default\"].NAME).should('have.value', project.name);\ncy.get(_project[\"default\"].NAME).type(updateText);\ncy.get(_project[\"default\"].SUBMIT).click();\ncy.get(_nav[\"default\"].DASHBOARD).click();\ncy.get('[data-test=\"project-card\"]').click({\n  force: true\n});\ncy.get(_project[\"default\"].NAME).should('have.value', project.name + updateText);\ncy.get(_nav[\"default\"].LOGOUT).click();",
              "err": {},
              "uuid": "83ed9739-34ec-4374-b39b-e514cb94175a",
              "parentUUID": "5eb8f215-4d1b-4b47-9f37-cccec4aeb1d6",
              "isHook": false,
              "skipped": false
            }
          ],
          "suites": [],
          "passes": [
            "1332d54c-efd8-4949-8c9d-133cdb0172b0",
            "f9110c81-87fb-4688-bfa5-a5ae1e64b77c",
            "74ac1e3b-b316-4e76-9d09-a96630d92a89",
            "83ed9739-34ec-4374-b39b-e514cb94175a"
          ],
          "failures": [
            "77b74c53-49c2-400d-bc95-906443c35fad"
          ],
          "pending": [],
          "skipped": [],
          "duration": 37399,
          "root": false,
          "rootEmpty": false,
          "_timeout": 2000
        }
      ],
      "passes": [],
      "failures": [],
      "pending": [],
      "skipped": [],
      "duration": 0,
      "root": true,
      "rootEmpty": true,
      "_timeout": 2000
    },
    {
      "uuid": "fcc847b8-6711-4153-8a6b-6688d69e5e5a",
      "title": "",
      "fullFile": "cypress/integration/testCase.js",
      "file": "cypress/integration/testCase.js",
      "beforeHooks": [],
      "afterHooks": [],
      "tests": [],
      "suites": [
        {
          "uuid": "75f90c65-1e99-40c0-9578-d4c1b2797586",
          "title": "Tests",
          "fullFile": "",
          "file": "",
          "beforeHooks": [],
          "afterHooks": [],
          "tests": [
            {
              "title": "User can create test for project",
              "fullTitle": "Tests User can create test for project",
              "timedOut": null,
              "duration": 12017,
              "state": "failed",
              "speed": "slow",
              "pass": false,
              "fail": true,
              "pending": false,
              "context": null,
              "code": "var user = new _newUser[\"default\"]();\nvar project = new _newProject[\"default\"]();\ncy.visit('/');\ncy.registerNewUser(user);\ncy.login(user);\ncy.createProject(project);\ncy.wait(2000);\ncy.url().should('not.contain', 'new');\ncy.get('[data-test=\"project-name\"]').should('have.length', 1);\ncy.get('[data-test=\"project-card\"]').click({\n  force: true\n});\ncy.wait(1000);\ncy.url().should('contain', '/projects/');\ncy.get(_project[\"default\"].CREATE_TEST_BUTTON).click();\ncy.wait(1000);\ncy.url().should('contain', '/tests/new');\ncy.get(_newTest2[\"default\"].SUBJECT).type('asdfasdf');\ncy.get(_newTest2[\"default\"].DESCRIPTION).type('asdfasdf');\ncy.get(_newTest2[\"default\"].SUBMIT).click();\ncy.wait(1000);\ncy.url().should('not.contain', '/tests/new');\ncy.get(_project[\"default\"].VIEW_TESTS_BUTTON).click();\ncy.url().should('contain', '/tests');\ncy.get(_nav[\"default\"].LOGOUT).click();",
              "err": {
                "message": "CypressError: `cy.task('coverageReport')` failed with the following error:\n\n> Error: Command failed with exit code 1: /Users/charlesbrady/Desktop/cleanup/Development/Repos/Stabilyzr/node_modules/.bin/nyc report --report-dir ./coverage --temp-dir /Users/charlesbrady/Desktop/cleanup/Development/Repos/Stabilyzr/.nyc_output --reporter=lcov --reporter=clover --reporter=json\n    at makeError (/Users/charlesbrady/Desktop/cleanup/Development/Repos/Stabilyzr/node_modules/@cypress/code-coverage/node_modules/execa/lib/error.js:58:11)\n    at handlePromise (/Users/charlesbrady/Desktop/cleanup/Development/Repos/Stabilyzr/node_modules/@cypress/code-coverage/node_modules/execa/index.js:114:26)\n\nBecause this error occurred during a `after all` hook we are skipping all of the remaining tests.",
                "estack": "CypressError: `cy.task('coverageReport')` failed with the following error:\n\n> Error: Command failed with exit code 1: /Users/charlesbrady/Desktop/cleanup/Development/Repos/Stabilyzr/node_modules/.bin/nyc report --report-dir ./coverage --temp-dir /Users/charlesbrady/Desktop/cleanup/Development/Repos/Stabilyzr/.nyc_output --reporter=lcov --reporter=clover --reporter=json\n    at makeError (/Users/charlesbrady/Desktop/cleanup/Development/Repos/Stabilyzr/node_modules/@cypress/code-coverage/node_modules/execa/lib/error.js:58:11)\n    at handlePromise (/Users/charlesbrady/Desktop/cleanup/Development/Repos/Stabilyzr/node_modules/@cypress/code-coverage/node_modules/execa/index.js:114:26)\n\nBecause this error occurred during a `after all` hook we are skipping all of the remaining tests.\n    at cypressErr (http://localhost:8081/__cypress/runner/cypress_runner.js:146621:16)\n    at cypressErrByPath (http://localhost:8081/__cypress/runner/cypress_runner.js:146630:10)\n    at Object.throwErrByPath (http://localhost:8081/__cypress/runner/cypress_runner.js:146593:11)\n    at http://localhost:8081/__cypress/runner/cypress_runner.js:136354:26\n    at tryCatcher (http://localhost:8081/__cypress/runner/cypress_runner.js:9065:23)\n    at Promise._settlePromiseFromHandler (http://localhost:8081/__cypress/runner/cypress_runner.js:7000:31)\n    at Promise._settlePromise (http://localhost:8081/__cypress/runner/cypress_runner.js:7057:18)\n    at Promise._settlePromise0 (http://localhost:8081/__cypress/runner/cypress_runner.js:7102:10)\n    at Promise._settlePromises (http://localhost:8081/__cypress/runner/cypress_runner.js:7178:18)\n    at _drainQueueStep (http://localhost:8081/__cypress/runner/cypress_runner.js:3772:12)\n    at _drainQueue (http://localhost:8081/__cypress/runner/cypress_runner.js:3765:9)\n    at Async.../../node_modules/bluebird/js/release/async.js.Async._drainQueues (http://localhost:8081/__cypress/runner/cypress_runner.js:3781:5)\n    at Async.drainQueues (http://localhost:8081/__cypress/runner/cypress_runner.js:3651:14)",
                "diff": null
              },
              "uuid": "765514dd-6c02-4074-91b3-4166b0fc7164",
              "parentUUID": "75f90c65-1e99-40c0-9578-d4c1b2797586",
              "isHook": false,
              "skipped": false
            },
            {
              "title": "User can create multiple tests for project",
              "fullTitle": "Tests User can create multiple tests for project",
              "timedOut": null,
              "duration": 13531,
              "state": "passed",
              "speed": "slow",
              "pass": true,
              "fail": false,
              "pending": false,
              "context": null,
              "code": "var user = new _newUser[\"default\"]();\nvar project = new _newProject[\"default\"]();\nvar test = new _newTest[\"default\"]();\nvar testTwo = new _newTest[\"default\"]();\ncy.visit('/');\ncy.registerNewUser(user);\ncy.login(user);\ncy.createProject(project);\ncy.wait(2000);\ncy.url().should('not.contain', 'new');\ncy.get('[data-test=\"project-name\"]').should('have.length', 1);\ncy.get('[data-test=\"project-card\"]').click({\n  force: true\n});\ncy.wait(1000);\ncy.url().should('contain', '/projects/');\ncy.createTest(test);\ncy.wait(1000);\ncy.url().should('not.contain', '/tests/new');\ncy.url().should('contain', '/projects/');\ncy.createTest(testTwo);\ncy.wait(1000);\ncy.get(_project[\"default\"].VIEW_TESTS_BUTTON).click();\ncy.url().should('contain', '/tests');\ncy.get(_nav[\"default\"].LOGOUT).click();",
              "err": {},
              "uuid": "382d2bb3-6e74-4a75-b947-a323c2b7627c",
              "parentUUID": "75f90c65-1e99-40c0-9578-d4c1b2797586",
              "isHook": false,
              "skipped": false
            },
            {
              "title": "User can view a test cases details",
              "fullTitle": "Tests User can view a test cases details",
              "timedOut": null,
              "duration": 7950,
              "state": "passed",
              "speed": "slow",
              "pass": true,
              "fail": false,
              "pending": false,
              "context": null,
              "code": "var user = new _newUser[\"default\"]();\nvar project = new _newProject[\"default\"]();\nvar test = new _newTest[\"default\"]();\ncy.visit('/');\ncy.registerNewUser(user);\ncy.login(user);\ncy.createProject(project);\ncy.wait(500);\ncy.get('[data-test=\"project-card\"]').click({\n  force: true\n});\ncy.wait(500);\ncy.createTest(test);\ncy.wait(500);\ncy.get(_project[\"default\"].VIEW_TESTS_BUTTON).click();\ncy.get('[data-test=\"test-subject\"]').should('have.length', 1);\ncy.get('[data-test=\"test-list-entry\"]').click({\n  force: true\n});\ncy.wait(500);\ncy.url().should('contain', '/tests/');\ncy.get(_nav[\"default\"].LOGOUT).click();",
              "err": {},
              "uuid": "3e5c5c19-e90a-48c4-a473-5a7544009ca0",
              "parentUUID": "75f90c65-1e99-40c0-9578-d4c1b2797586",
              "isHook": false,
              "skipped": false
            },
            {
              "title": "User can delete a test",
              "fullTitle": "Tests User can delete a test",
              "timedOut": null,
              "duration": 10261,
              "state": "passed",
              "speed": "slow",
              "pass": true,
              "fail": false,
              "pending": false,
              "context": null,
              "code": "var user = new _newUser[\"default\"]();\nvar project = new _newProject[\"default\"]();\nvar test = new _newTest[\"default\"]();\ncy.visit('/');\ncy.registerNewUser(user);\ncy.login(user);\ncy.createProject(project);\ncy.wait(500);\ncy.get('[data-test=\"project-card\"]').click({\n  force: true\n});\ncy.wait(500);\ncy.createTest(test);\ncy.wait(500);\ncy.get(_project[\"default\"].VIEW_TESTS_BUTTON).click();\ncy.get('[data-test=\"test-subject\"]').should('have.length', 1);\ncy.get('[data-test=\"test-list-entry\"]').click({\n  force: true\n});\ncy.wait(500);\ncy.url().should('contain', '/tests/');\ncy.get(_test[\"default\"].DELETE_TEST_BUTTON).click();\ncy.wait(1000);\ncy.url().should('contain', '/confirm');\ncy.get(_confirm[\"default\"].DELETE_BUTTON).click();\ncy.wait(1000);\ncy.url().should('contain', '/tests');\ncy.get('[data-test=\"test-list-item\"]').should('have.length', 0);\ncy.get(_nav[\"default\"].LOGOUT).click();",
              "err": {},
              "uuid": "55e5933c-39d9-4964-bff8-a2355d9a5a6c",
              "parentUUID": "75f90c65-1e99-40c0-9578-d4c1b2797586",
              "isHook": false,
              "skipped": false
            },
            {
              "title": "User can edit a test cases details",
              "fullTitle": "Tests User can edit a test cases details",
              "timedOut": null,
              "duration": 9020,
              "state": "passed",
              "speed": "slow",
              "pass": true,
              "fail": false,
              "pending": false,
              "context": null,
              "code": "var user = new _newUser[\"default\"]();\nvar project = new _newProject[\"default\"]();\nvar test = new _newTest[\"default\"]();\nvar updateText = 'updated';\ncy.visit('/');\ncy.registerNewUser(user);\ncy.login(user);\ncy.createProject(project);\ncy.wait(500);\ncy.get('[data-test=\"project-card\"]').click({\n  force: true\n});\ncy.wait(500);\ncy.createTest(test);\ncy.wait(500);\ncy.get(_project[\"default\"].VIEW_TESTS_BUTTON).click();\ncy.get('[data-test=\"test-list-entry\"]').click({\n  force: true\n});\ncy.wait(500);\ncy.get(_test[\"default\"].SUBJECT).should('have.value', test.subject);\ncy.get(_test[\"default\"].SUBJECT).type(updateText);\ncy.get(_test[\"default\"].SUBMIT).click();\ncy.get(_nav[\"default\"].DASHBOARD).click();\ncy.get('[data-test=\"project-card\"]').click({\n  force: true\n});\ncy.get(_project[\"default\"].VIEW_TESTS_BUTTON).click();\ncy.get('[data-test=\"test-list-entry\"]').click({\n  force: true\n});\ncy.get(_test[\"default\"].SUBJECT).should('have.value', test.subject + updateText);",
              "err": {},
              "uuid": "37f6d814-a3d8-4c6a-a714-13ea3c9fb4bc",
              "parentUUID": "75f90c65-1e99-40c0-9578-d4c1b2797586",
              "isHook": false,
              "skipped": false
            }
          ],
          "suites": [],
          "passes": [
            "382d2bb3-6e74-4a75-b947-a323c2b7627c",
            "3e5c5c19-e90a-48c4-a473-5a7544009ca0",
            "55e5933c-39d9-4964-bff8-a2355d9a5a6c",
            "37f6d814-a3d8-4c6a-a714-13ea3c9fb4bc"
          ],
          "failures": [
            "765514dd-6c02-4074-91b3-4166b0fc7164"
          ],
          "pending": [],
          "skipped": [],
          "duration": 52779,
          "root": false,
          "rootEmpty": false,
          "_timeout": 2000
        }
      ],
      "passes": [],
      "failures": [],
      "pending": [],
      "skipped": [],
      "duration": 0,
      "root": true,
      "rootEmpty": true,
      "_timeout": 2000
    },
    {
      "uuid": "7bef828e-664e-45cf-a6d0-f9346f49c710",
      "title": "",
      "fullFile": "cypress/integration/user.js",
      "file": "cypress/integration/user.js",
      "beforeHooks": [],
      "afterHooks": [],
      "tests": [],
      "suites": [
        {
          "uuid": "b52a6e47-b445-4e0c-957b-4b241a9e3077",
          "title": "User Authentication",
          "fullFile": "",
          "file": "",
          "beforeHooks": [],
          "afterHooks": [],
          "tests": [
            {
              "title": "User can register for new account",
              "fullTitle": "User Authentication User can register for new account",
              "timedOut": null,
              "duration": 2607,
              "state": "failed",
              "speed": "slow",
              "pass": false,
              "fail": true,
              "pending": false,
              "context": null,
              "code": "var userOne = new _newUser[\"default\"]();\ncy.visit('/');\ncy.get(_nav[\"default\"].REGISTER).click();\ncy.url().should('include', '/register');\ncy.get(_register[\"default\"].FIRST_NAME).type(userOne.firstName);\ncy.get(_register[\"default\"].LAST_NAME).type(userOne.lastName);\ncy.get(_register[\"default\"].EMAIL).type(userOne.email);\ncy.get(_register[\"default\"].PASSWORD).type(userOne.password);\ncy.get(_register[\"default\"].PASSWORD_CONFIRMATION).type(userOne.passwordConfirmation);\ncy.get(_register[\"default\"].AGREEMENT).check();\ncy.get(_register[\"default\"].SUBMIT).click();",
              "err": {
                "message": "CypressError: `cy.task('coverageReport')` failed with the following error:\n\n> Error: Command failed with exit code 1: /Users/charlesbrady/Desktop/cleanup/Development/Repos/Stabilyzr/node_modules/.bin/nyc report --report-dir ./coverage --temp-dir /Users/charlesbrady/Desktop/cleanup/Development/Repos/Stabilyzr/.nyc_output --reporter=lcov --reporter=clover --reporter=json\n    at makeError (/Users/charlesbrady/Desktop/cleanup/Development/Repos/Stabilyzr/node_modules/@cypress/code-coverage/node_modules/execa/lib/error.js:58:11)\n    at handlePromise (/Users/charlesbrady/Desktop/cleanup/Development/Repos/Stabilyzr/node_modules/@cypress/code-coverage/node_modules/execa/index.js:114:26)\n\nBecause this error occurred during a `after all` hook we are skipping all of the remaining tests.",
                "estack": "CypressError: `cy.task('coverageReport')` failed with the following error:\n\n> Error: Command failed with exit code 1: /Users/charlesbrady/Desktop/cleanup/Development/Repos/Stabilyzr/node_modules/.bin/nyc report --report-dir ./coverage --temp-dir /Users/charlesbrady/Desktop/cleanup/Development/Repos/Stabilyzr/.nyc_output --reporter=lcov --reporter=clover --reporter=json\n    at makeError (/Users/charlesbrady/Desktop/cleanup/Development/Repos/Stabilyzr/node_modules/@cypress/code-coverage/node_modules/execa/lib/error.js:58:11)\n    at handlePromise (/Users/charlesbrady/Desktop/cleanup/Development/Repos/Stabilyzr/node_modules/@cypress/code-coverage/node_modules/execa/index.js:114:26)\n\nBecause this error occurred during a `after all` hook we are skipping all of the remaining tests.\n    at cypressErr (http://localhost:8081/__cypress/runner/cypress_runner.js:146621:16)\n    at cypressErrByPath (http://localhost:8081/__cypress/runner/cypress_runner.js:146630:10)\n    at Object.throwErrByPath (http://localhost:8081/__cypress/runner/cypress_runner.js:146593:11)\n    at http://localhost:8081/__cypress/runner/cypress_runner.js:136354:26\n    at tryCatcher (http://localhost:8081/__cypress/runner/cypress_runner.js:9065:23)\n    at Promise._settlePromiseFromHandler (http://localhost:8081/__cypress/runner/cypress_runner.js:7000:31)\n    at Promise._settlePromise (http://localhost:8081/__cypress/runner/cypress_runner.js:7057:18)\n    at Promise._settlePromise0 (http://localhost:8081/__cypress/runner/cypress_runner.js:7102:10)\n    at Promise._settlePromises (http://localhost:8081/__cypress/runner/cypress_runner.js:7178:18)\n    at _drainQueueStep (http://localhost:8081/__cypress/runner/cypress_runner.js:3772:12)\n    at _drainQueue (http://localhost:8081/__cypress/runner/cypress_runner.js:3765:9)\n    at Async.../../node_modules/bluebird/js/release/async.js.Async._drainQueues (http://localhost:8081/__cypress/runner/cypress_runner.js:3781:5)\n    at Async.drainQueues (http://localhost:8081/__cypress/runner/cypress_runner.js:3651:14)",
                "diff": null
              },
              "uuid": "9936e0bc-37c1-4e18-a0ea-ad2a6c6dd5a9",
              "parentUUID": "b52a6e47-b445-4e0c-957b-4b241a9e3077",
              "isHook": false,
              "skipped": false
            },
            {
              "title": "User can login",
              "fullTitle": "User Authentication User can login",
              "timedOut": null,
              "duration": 2789,
              "state": "passed",
              "speed": "slow",
              "pass": true,
              "fail": false,
              "pending": false,
              "context": null,
              "code": "var userOne = new _newUser[\"default\"]();\ncy.visit('/');\ncy.registerNewUser(userOne);\ncy.get(_nav[\"default\"].LOGIN).click();\ncy.url().should('include', '/login');\ncy.get(_login[\"default\"].EMAIL).type(userOne.email);\ncy.get(_login[\"default\"].PASSWORD).type(userOne.password);\ncy.get(_login[\"default\"].SUBMIT).click();\ncy.logout();",
              "err": {},
              "uuid": "b9d3e488-c763-4a58-85ed-5832f7dcef31",
              "parentUUID": "b52a6e47-b445-4e0c-957b-4b241a9e3077",
              "isHook": false,
              "skipped": false
            },
            {
              "title": "Can logout",
              "fullTitle": "User Authentication Can logout",
              "timedOut": null,
              "duration": 2862,
              "state": "passed",
              "speed": "slow",
              "pass": true,
              "fail": false,
              "pending": false,
              "context": null,
              "code": "var userOne = new _newUser[\"default\"]();\ncy.visit('/');\ncy.registerNewUser(userOne);\ncy.login(userOne);\ncy.get(_nav[\"default\"].LOGOUT).click();",
              "err": {},
              "uuid": "206133f5-610a-4abf-a8be-351e96416165",
              "parentUUID": "b52a6e47-b445-4e0c-957b-4b241a9e3077",
              "isHook": false,
              "skipped": false
            }
          ],
          "suites": [],
          "passes": [
            "b9d3e488-c763-4a58-85ed-5832f7dcef31",
            "206133f5-610a-4abf-a8be-351e96416165"
          ],
          "failures": [
            "9936e0bc-37c1-4e18-a0ea-ad2a6c6dd5a9"
          ],
          "pending": [],
          "skipped": [],
          "duration": 8258,
          "root": false,
          "rootEmpty": false,
          "_timeout": 2000
        },
        {
          "uuid": "8af9f5b9-ef3b-4a68-9f71-7ff52903f0df",
          "title": "API - Authentication",
          "fullFile": "",
          "file": "",
          "beforeHooks": [],
          "afterHooks": [],
          "tests": [
            {
              "title": "Can create user",
              "fullTitle": "API - Authentication Can create user",
              "timedOut": null,
              "duration": 129,
              "state": "passed",
              "speed": "slow",
              "pass": true,
              "fail": false,
              "pending": false,
              "context": null,
              "code": "cy.request('POST', \"\".concat(Cypress.config('apiUrl'), \"/auth/user\"), userThree).then(function (response) {\n  expect(response.body).to.have.property('firstName', userThree.firstName);\n});",
              "err": {},
              "uuid": "08919bb5-e800-4208-a6c4-609ca1abd631",
              "parentUUID": "8af9f5b9-ef3b-4a68-9f71-7ff52903f0df",
              "isHook": false,
              "skipped": false
            },
            {
              "title": "Can authenticate user",
              "fullTitle": "API - Authentication Can authenticate user",
              "timedOut": null,
              "duration": 142,
              "state": "passed",
              "speed": "slow",
              "pass": true,
              "fail": false,
              "pending": false,
              "context": null,
              "code": "cy.request('POST', \"\".concat(Cypress.config('apiUrl'), \"/auth/authenticate\"), {\n  email: userThree.email,\n  password: userThree.password\n}).then(function (response) {\n  expect(response.body).to.equal('OK');\n});",
              "err": {},
              "uuid": "603c29b3-6eb5-4c38-a1d9-25bd0b258b4a",
              "parentUUID": "8af9f5b9-ef3b-4a68-9f71-7ff52903f0df",
              "isHook": false,
              "skipped": false
            }
          ],
          "suites": [],
          "passes": [
            "08919bb5-e800-4208-a6c4-609ca1abd631",
            "603c29b3-6eb5-4c38-a1d9-25bd0b258b4a"
          ],
          "failures": [],
          "pending": [],
          "skipped": [],
          "duration": 271,
          "root": false,
          "rootEmpty": false,
          "_timeout": 2000
        }
      ],
      "passes": [],
      "failures": [],
      "pending": [],
      "skipped": [],
      "duration": 0,
      "root": true,
      "rootEmpty": true,
      "_timeout": 2000
    }
  ],
  "meta": {
    "mocha": {
      "version": "7.0.1"
    },
    "mochawesome": {
      "options": {
        "quiet": true,
        "reportFilename": "mochawesome",
        "saveHtml": false,
        "saveJson": true,
        "consoleReporter": "spec",
        "useInlineDiffs": false
      },
      "version": "4.1.0"
    },
    "marge": {
      "options": {
        "reportDir": "cypress/reports/integration/reports/mocha",
        "quiet": true,
        "html": false,
        "overwrite": false,
        "json": true
      },
      "version": "4.1.0"
    }
  }
}