{
  "stats": {
    "suites": 1,
    "tests": 5,
    "passes": 5,
    "pending": 0,
    "failures": 0,
    "start": "2020-05-30T19:28:12.756Z",
    "end": "2020-05-30T19:28:52.243Z",
    "duration": 39487,
    "testsRegistered": 5,
    "passPercent": 100,
    "pendingPercent": 0,
    "other": 1,
    "hasOther": true,
    "skipped": 0,
    "hasSkipped": false
  },
  "results": [
    {
      "uuid": "44f47005-b7cd-4537-bb21-3a090ca3826d",
      "title": "",
      "fullFile": "cypress/integration/project.js",
      "file": "cypress/integration/project.js",
      "beforeHooks": [],
      "afterHooks": [],
      "tests": [],
      "suites": [
        {
          "uuid": "5eb8f215-4d1b-4b47-9f37-cccec4aeb1d6",
          "title": "Projects",
          "fullFile": "",
          "file": "",
          "beforeHooks": [],
          "afterHooks": [],
          "tests": [
            {
              "title": "User can create a new project",
              "fullTitle": "Projects User can create a new project",
              "timedOut": null,
              "duration": 6346,
              "state": "failed",
              "speed": "slow",
              "pass": false,
              "fail": true,
              "pending": false,
              "context": null,
              "code": "var userOne = new _newUser[\"default\"]();\nvar projectOne = new _newProject[\"default\"]();\ncy.visit('/');\ncy.registerNewUser(userOne);\ncy.login(userOne);\ncy.createProject(projectOne);\ncy.wait(2000);\ncy.url().should('not.contain', 'new');\ncy.get('[data-test=\"project-name\"]').should('have.length', 1);\ncy.get('[data-test=\"project-name\"]').should('have.text', projectOne.name);\ncy.get(_nav[\"default\"].LOGOUT).click();",
              "err": {
                "message": "CypressError: `cy.task('coverageReport')` failed with the following error:\n\n> Error: Command failed with exit code 1: /Users/charlesbrady/Desktop/cleanup/Development/Repos/Stabilyzr/node_modules/.bin/nyc report --report-dir ./coverage --temp-dir /Users/charlesbrady/Desktop/cleanup/Development/Repos/Stabilyzr/.nyc_output --reporter=lcov --reporter=clover --reporter=json\n    at makeError (/Users/charlesbrady/Desktop/cleanup/Development/Repos/Stabilyzr/node_modules/@cypress/code-coverage/node_modules/execa/lib/error.js:58:11)\n    at handlePromise (/Users/charlesbrady/Desktop/cleanup/Development/Repos/Stabilyzr/node_modules/@cypress/code-coverage/node_modules/execa/index.js:114:26)\n\nBecause this error occurred during a `after all` hook we are skipping all of the remaining tests.",
                "estack": "CypressError: `cy.task('coverageReport')` failed with the following error:\n\n> Error: Command failed with exit code 1: /Users/charlesbrady/Desktop/cleanup/Development/Repos/Stabilyzr/node_modules/.bin/nyc report --report-dir ./coverage --temp-dir /Users/charlesbrady/Desktop/cleanup/Development/Repos/Stabilyzr/.nyc_output --reporter=lcov --reporter=clover --reporter=json\n    at makeError (/Users/charlesbrady/Desktop/cleanup/Development/Repos/Stabilyzr/node_modules/@cypress/code-coverage/node_modules/execa/lib/error.js:58:11)\n    at handlePromise (/Users/charlesbrady/Desktop/cleanup/Development/Repos/Stabilyzr/node_modules/@cypress/code-coverage/node_modules/execa/index.js:114:26)\n\nBecause this error occurred during a `after all` hook we are skipping all of the remaining tests.\n    at cypressErr (http://localhost:8081/__cypress/runner/cypress_runner.js:146621:16)\n    at cypressErrByPath (http://localhost:8081/__cypress/runner/cypress_runner.js:146630:10)\n    at Object.throwErrByPath (http://localhost:8081/__cypress/runner/cypress_runner.js:146593:11)\n    at http://localhost:8081/__cypress/runner/cypress_runner.js:136354:26\n    at tryCatcher (http://localhost:8081/__cypress/runner/cypress_runner.js:9065:23)\n    at Promise._settlePromiseFromHandler (http://localhost:8081/__cypress/runner/cypress_runner.js:7000:31)\n    at Promise._settlePromise (http://localhost:8081/__cypress/runner/cypress_runner.js:7057:18)\n    at Promise._settlePromise0 (http://localhost:8081/__cypress/runner/cypress_runner.js:7102:10)\n    at Promise._settlePromises (http://localhost:8081/__cypress/runner/cypress_runner.js:7178:18)\n    at _drainQueueStep (http://localhost:8081/__cypress/runner/cypress_runner.js:3772:12)\n    at _drainQueue (http://localhost:8081/__cypress/runner/cypress_runner.js:3765:9)\n    at Async.../../node_modules/bluebird/js/release/async.js.Async._drainQueues (http://localhost:8081/__cypress/runner/cypress_runner.js:3781:5)\n    at Async.drainQueues (http://localhost:8081/__cypress/runner/cypress_runner.js:3651:14)",
                "diff": null
              },
              "uuid": "77b74c53-49c2-400d-bc95-906443c35fad",
              "parentUUID": "5eb8f215-4d1b-4b47-9f37-cccec4aeb1d6",
              "isHook": false,
              "skipped": false
            },
            {
              "title": "User can create multiple projects",
              "fullTitle": "Projects User can create multiple projects",
              "timedOut": null,
              "duration": 10854,
              "state": "passed",
              "speed": "slow",
              "pass": true,
              "fail": false,
              "pending": false,
              "context": null,
              "code": "var userTwo = new _newUser[\"default\"]();\nvar projectTwo = new _newProject[\"default\"]();\nvar projectThree = new _newProject[\"default\"]();\nvar projectFour = new _newProject[\"default\"]();\ncy.visit('/');\ncy.registerNewUser(userTwo);\ncy.login(userTwo);\ncy.createProject(projectTwo);\ncy.wait(2000);\ncy.url().should('not.contain', 'new');\ncy.createProject(projectThree);\ncy.wait(2000);\ncy.url().should('not.contain', 'new');\ncy.createProject(projectFour);\ncy.wait(2000);\ncy.url().should('not.contain', 'new');\ncy.get('[data-test=\"project-name\"]').should('have.length', 3);\ncy.get(_nav[\"default\"].LOGOUT).click();",
              "err": {},
              "uuid": "1332d54c-efd8-4949-8c9d-133cdb0172b0",
              "parentUUID": "5eb8f215-4d1b-4b47-9f37-cccec4aeb1d6",
              "isHook": false,
              "skipped": false
            },
            {
              "title": "User can view a project",
              "fullTitle": "Projects User can view a project",
              "timedOut": null,
              "duration": 6565,
              "state": "passed",
              "speed": "slow",
              "pass": true,
              "fail": false,
              "pending": false,
              "context": null,
              "code": "var userThree = new _newUser[\"default\"]();\nvar projectSix = new _newProject[\"default\"]();\ncy.visit('/');\ncy.registerNewUser(userThree);\ncy.login(userThree);\ncy.createProject(projectSix);\ncy.wait(2000);\ncy.url().should('not.contain', 'new');\ncy.get('[data-test=\"project-name\"]').should('have.length', 1);\ncy.get('[data-test=\"project-card\"]').click({\n  force: true\n});\ncy.wait(1000);\ncy.url().should('contain', '/projects/');\ncy.get(_nav[\"default\"].LOGOUT).click();",
              "err": {},
              "uuid": "f9110c81-87fb-4688-bfa5-a5ae1e64b77c",
              "parentUUID": "5eb8f215-4d1b-4b47-9f37-cccec4aeb1d6",
              "isHook": false,
              "skipped": false
            },
            {
              "title": "User can delete a project",
              "fullTitle": "Projects User can delete a project",
              "timedOut": null,
              "duration": 8364,
              "state": "passed",
              "speed": "slow",
              "pass": true,
              "fail": false,
              "pending": false,
              "context": null,
              "code": "var userThree = new _newUser[\"default\"]();\nvar projectSix = new _newProject[\"default\"]();\ncy.visit('/');\ncy.registerNewUser(userThree);\ncy.login(userThree);\ncy.createProject(projectSix);\ncy.wait(1000);\ncy.get('[data-test=\"project-card\"]').click({\n  force: true\n});\ncy.wait(1000);\ncy.url().should('contain', '/projects/');\ncy.get(_project[\"default\"].DELETE_PROJECT_BUTTON).click();\ncy.wait(1000);\ncy.url().should('contain', '/confirm');\ncy.get(_confirm[\"default\"].DELETE_BUTTON).click();\ncy.wait(1000);\ncy.url().should('contain', '/dashboard');\ncy.get('[data-test=\"project-name\"]').should('have.length', 0);\ncy.get(_nav[\"default\"].LOGOUT).click();",
              "err": {},
              "uuid": "74ac1e3b-b316-4e76-9d09-a96630d92a89",
              "parentUUID": "5eb8f215-4d1b-4b47-9f37-cccec4aeb1d6",
              "isHook": false,
              "skipped": false
            },
            {
              "title": "User can edit a project",
              "fullTitle": "Projects User can edit a project",
              "timedOut": null,
              "duration": 5270,
              "state": "passed",
              "speed": "slow",
              "pass": true,
              "fail": false,
              "pending": false,
              "context": null,
              "code": "var user = new _newUser[\"default\"]();\nvar project = new _newProject[\"default\"]();\nvar updateText = 'updated';\ncy.visit('/');\ncy.registerNewUser(user);\ncy.login(user);\ncy.createProject(project);\ncy.wait(500);\ncy.get('[data-test=\"project-card\"]').click({\n  force: true\n});\ncy.wait(500);\ncy.get(_project[\"default\"].NAME).should('have.value', project.name);\ncy.get(_project[\"default\"].NAME).type(updateText);\ncy.get(_project[\"default\"].SUBMIT).click();\ncy.get(_nav[\"default\"].DASHBOARD).click();\ncy.get('[data-test=\"project-card\"]').click({\n  force: true\n});\ncy.get(_project[\"default\"].NAME).should('have.value', project.name + updateText);\ncy.get(_nav[\"default\"].LOGOUT).click();",
              "err": {},
              "uuid": "83ed9739-34ec-4374-b39b-e514cb94175a",
              "parentUUID": "5eb8f215-4d1b-4b47-9f37-cccec4aeb1d6",
              "isHook": false,
              "skipped": false
            }
          ],
          "suites": [],
          "passes": [
            "1332d54c-efd8-4949-8c9d-133cdb0172b0",
            "f9110c81-87fb-4688-bfa5-a5ae1e64b77c",
            "74ac1e3b-b316-4e76-9d09-a96630d92a89",
            "83ed9739-34ec-4374-b39b-e514cb94175a"
          ],
          "failures": [
            "77b74c53-49c2-400d-bc95-906443c35fad"
          ],
          "pending": [],
          "skipped": [],
          "duration": 37399,
          "root": false,
          "rootEmpty": false,
          "_timeout": 2000
        }
      ],
      "passes": [],
      "failures": [],
      "pending": [],
      "skipped": [],
      "duration": 0,
      "root": true,
      "rootEmpty": true,
      "_timeout": 2000
    }
  ],
  "meta": {
    "mocha": {
      "version": "7.0.1"
    },
    "mochawesome": {
      "options": {
        "quiet": true,
        "reportFilename": "mochawesome",
        "saveHtml": false,
        "saveJson": true,
        "consoleReporter": "spec",
        "useInlineDiffs": false
      },
      "version": "4.1.0"
    },
    "marge": {
      "options": {
        "reportDir": "cypress/reports/integration/reports/mocha",
        "quiet": true,
        "html": false,
        "overwrite": false,
        "json": true
      },
      "version": "4.1.0"
    }
  }
}